e:\gdeng03\personalgdeng03\directxgame\directxgame\x64\debug\vc143.pdb
e:\gdeng03\personalgdeng03\directxgame\directxgame\x64\debug\vc143.idb
e:\gdeng03\personalgdeng03\directxgame\directxgame\x64\debug\window.obj
e:\gdeng03\personalgdeng03\directxgame\directxgame\x64\debug\vertexshader.obj
e:\gdeng03\personalgdeng03\directxgame\directxgame\x64\debug\vertexbuffer.obj
e:\gdeng03\personalgdeng03\directxgame\directxgame\x64\debug\swapchain.obj
e:\gdeng03\personalgdeng03\directxgame\directxgame\x64\debug\main.obj
e:\gdeng03\personalgdeng03\directxgame\directxgame\x64\debug\graphicsengine.obj
e:\gdeng03\personalgdeng03\directxgame\directxgame\x64\debug\devicecontext.obj
e:\gdeng03\personalgdeng03\directxgame\directxgame\x64\debug\appwindow.obj
e:\gdeng03\personalgdeng03\directxgame\directxgame\x64\debug\pixelshader.obj
e:\gdeng03\personalgdeng03\directxgame\directxgame\x64\debug\matrix4x4.obj
e:\gdeng03\personalgdeng03\directxgame\directxgame\x64\debug\constantbuffer.obj
e:\gdeng03\personalgdeng03\directxgame\directxgame\x64\debug\textureloader.obj
e:\gdeng03\personalgdeng03\directxgame\directxgame\x64\debug\texture.obj
e:\gdeng03\personalgdeng03\directxgame\directxgame\x64\debug\quad.obj
e:\gdeng03\personalgdeng03\directxgame\directxgame\x64\debug\directxgame.ilk
e:\gdeng03\personalgdeng03\directxgame\x64\debug\directxgame.pdb
e:\gdeng03\personalgdeng03\directxgame\x64\debug\directxgame.exe
e:\gdeng03\personalgdeng03\directxgame\directxgame\x64\debug\directxgame.tlog\cl.command.1.tlog
e:\gdeng03\personalgdeng03\directxgame\directxgame\x64\debug\directxgame.tlog\cl.items.tlog
e:\gdeng03\personalgdeng03\directxgame\directxgame\x64\debug\directxgame.tlog\cl.read.1.tlog
e:\gdeng03\personalgdeng03\directxgame\directxgame\x64\debug\directxgame.tlog\cl.write.1.tlog
e:\gdeng03\personalgdeng03\directxgame\directxgame\x64\debug\directxgame.tlog\link.command.1.tlog
e:\gdeng03\personalgdeng03\directxgame\directxgame\x64\debug\directxgame.tlog\link.read.1.tlog
e:\gdeng03\personalgdeng03\directxgame\directxgame\x64\debug\directxgame.tlog\link.secondary.1.tlog
e:\gdeng03\personalgdeng03\directxgame\directxgame\x64\debug\directxgame.tlog\link.write.1.tlog
