  AppWindow.cpp
E:\GDENG03\PersonalGDENG03\DirectXGame\GameObject.h(4,10): warning C4067: unexpected tokens following preprocessor directive - expected a newline
E:\GDENG03\PersonalGDENG03\DirectXGame\Matrix4x4.h(101,44): warning C4244: '=': conversion from 'double' to 'float', possible loss of data
E:\GDENG03\PersonalGDENG03\DirectXGame\Matrix4x4.h(102,44): warning C4244: '=': conversion from 'double' to 'float', possible loss of data
E:\GDENG03\PersonalGDENG03\DirectXGame\Matrix4x4.h(103,44): warning C4244: '=': conversion from 'double' to 'float', possible loss of data
E:\GDENG03\PersonalGDENG03\DirectXGame\Matrix4x4.h(104,44): warning C4244: '=': conversion from 'double' to 'float', possible loss of data
E:\GDENG03\PersonalGDENG03\DirectXGame\Libs\ReactPhysics3D\include\reactphysics3d\containers\Map.h(56,50): warning C4245: 'initializing': conversion from 'int' to 'const reactphysics3d::uint64', signed/unsigned mismatch
E:\GDENG03\PersonalGDENG03\DirectXGame\Libs\ReactPhysics3D\include\reactphysics3d\components\Components.h(76,29): message : see reference to class template instantiation 'reactphysics3d::Map<reactphysics3d::Entity,reactphysics3d::uint32,std::hash<reactphysics3d::Entity>,std::equal_to<K>>' being compiled
          with
          [
              K=reactphysics3d::Entity
          ]
E:\GDENG03\PersonalGDENG03\DirectXGame\Libs\ReactPhysics3D\include\reactphysics3d\engine\OverlappingPairs.h(248,124): warning C4244: 'initializing': conversion from 'float' to 'size_t', possible loss of data
E:\GDENG03\PersonalGDENG03\DirectXGame\Libs\ReactPhysics3D\include\reactphysics3d\engine\OverlappingPairs.h(248,54): warning C4244: 'initializing': conversion from 'float' to 'const size_t', possible loss of data
E:\GDENG03\PersonalGDENG03\DirectXGame\Libs\ReactPhysics3D\include\reactphysics3d\engine\OverlappingPairs.h(279,128): warning C4244: 'initializing': conversion from 'float' to 'size_t', possible loss of data
E:\GDENG03\PersonalGDENG03\DirectXGame\Libs\ReactPhysics3D\include\reactphysics3d\engine\OverlappingPairs.h(279,58): warning C4244: 'initializing': conversion from 'float' to 'const size_t', possible loss of data
E:\GDENG03\PersonalGDENG03\DirectXGame\Libs\ReactPhysics3D\include\reactphysics3d\containers\Set.h(55,50): warning C4245: 'initializing': conversion from 'int' to 'const reactphysics3d::uint64', signed/unsigned mismatch
E:\GDENG03\PersonalGDENG03\DirectXGame\Libs\ReactPhysics3D\include\reactphysics3d\systems\BroadPhaseSystem.h(132,18): message : see reference to class template instantiation 'reactphysics3d::Set<int,std::hash<int>,std::equal_to<V>>' being compiled
          with
          [
              V=int
          ]
E:\GDENG03\PersonalGDENG03\DirectXGame\Libs\ReactPhysics3D\include\reactphysics3d\collision\ConvexMesh.h(139,26): warning C4244: 'return': conversion from 'reactphysics3d::uint64' to 'reactphysics3d::uint32', possible loss of data
E:\GDENG03\PersonalGDENG03\DirectXGame\Libs\ReactPhysics3D\include\reactphysics3d\collision\TriangleMesh.h(146,26): warning C4244: 'return': conversion from 'reactphysics3d::uint64' to 'reactphysics3d::uint32', possible loss of data
E:\GDENG03\PersonalGDENG03\DirectXGame\Libs\ReactPhysics3D\include\reactphysics3d\collision\TriangleMesh.h(151,30): warning C4244: 'return': conversion from 'reactphysics3d::uint64' to 'reactphysics3d::uint32', possible loss of data
E:\GDENG03\PersonalGDENG03\DirectXGame\GameObject.h(30,1): warning C4324: 'CBData': structure was padded due to alignment specifier
E:\GDENG03\PersonalGDENG03\DirectXGame\AppWindow.h(4,10): warning C4067: unexpected tokens following preprocessor directive - expected a newline
E:\GDENG03\PersonalGDENG03\DirectXGame\AppWindow.cpp(49,21): warning C4189: 'graphEngine': local variable is initialized but not referenced
E:\GDENG03\PersonalGDENG03\DirectXGame\AppWindow.cpp(106,50): warning C4244: 'argument': conversion from 'double' to 'float', possible loss of data
E:\GDENG03\PersonalGDENG03\DirectXGame\AppWindow.cpp(111,49): warning C4244: 'argument': conversion from 'double' to 'float', possible loss of data
E:\GDENG03\PersonalGDENG03\DirectXGame\AppWindow.cpp(115,71): warning C4244: 'argument': conversion from 'double' to 'float', possible loss of data
E:\GDENG03\PersonalGDENG03\DirectXGame\AppWindow.cpp(140,31): warning C4100: 'nCubeAmount': unreferenced formal parameter
E:\GDENG03\PersonalGDENG03\DirectXGame\AppWindow.cpp(148,42): warning C4100: 'nCubeAmount': unreferenced formal parameter
E:\GDENG03\PersonalGDENG03\DirectXGame\Libs\ReactPhysics3D\include\reactphysics3d\containers\Array.h(255,70): warning C4244: '=': conversion from 'float' to 'reactphysics3d::uint64', possible loss of data
E:\GDENG03\PersonalGDENG03\DirectXGame\Libs\ReactPhysics3D\include\reactphysics3d\containers\Array.h(250,14): message : while compiling class template member function 'void reactphysics3d::Array<reactphysics3d::uint>::reserve(reactphysics3d::uint64)'
E:\GDENG03\PersonalGDENG03\DirectXGame\Libs\ReactPhysics3D\include\reactphysics3d\engine\Islands.h(134,44): message : see the first reference to 'reactphysics3d::Array<reactphysics3d::uint>::reserve' in 'reactphysics3d::Islands::reserveMemory'
E:\GDENG03\PersonalGDENG03\DirectXGame\Libs\ReactPhysics3D\include\reactphysics3d\components\RigidBodyComponents.h(862,58): message : see reference to class template instantiation 'reactphysics3d::Array<reactphysics3d::uint>' being compiled
E:\GDENG03\PersonalGDENG03\DirectXGame\Libs\ReactPhysics3D\include\reactphysics3d\containers\Map.h(283,90): warning C4244: '=': conversion from 'float' to 'reactphysics3d::uint64', possible loss of data
E:\GDENG03\PersonalGDENG03\DirectXGame\Libs\ReactPhysics3D\include\reactphysics3d\containers\Map.h(260,14): message : while compiling class template member function 'void reactphysics3d::Map<int,reactphysics3d::Entity,std::hash<int>,std::equal_to<V>>::reserve(reactphysics3d::uint64)'
          with
          [
              V=int
          ]
E:\GDENG03\PersonalGDENG03\DirectXGame\Libs\ReactPhysics3D\include\reactphysics3d\containers\Map.h(401,24): message : see the first reference to 'reactphysics3d::Map<int,reactphysics3d::Entity,std::hash<int>,std::equal_to<V>>::reserve' in 'reactphysics3d::Map<int,reactphysics3d::Entity,std::hash<int>,std::equal_to<V>>::add'
          with
          [
              V=int
          ]
E:\GDENG03\PersonalGDENG03\DirectXGame\Libs\ReactPhysics3D\include\reactphysics3d\systems\CollisionDetectionSystem.h(425,41): message : see the first reference to 'reactphysics3d::Map<int,reactphysics3d::Entity,std::hash<int>,std::equal_to<V>>::add' in 'reactphysics3d::CollisionDetectionSystem::addCollider'
          with
          [
              V=int
          ]
E:\GDENG03\PersonalGDENG03\DirectXGame\Libs\ReactPhysics3D\include\reactphysics3d\systems\CollisionDetectionSystem.h(109,26): message : see reference to class template instantiation 'reactphysics3d::Map<int,reactphysics3d::Entity,std::hash<int>,std::equal_to<V>>' being compiled
          with
          [
              V=int
          ]
C:\Program Files\Microsoft Visual Studio\2022\Community\VC\Tools\MSVC\14.36.32532\include\algorithm(3456,24): warning C4244: '=': conversion from 'int' to 'char', possible loss of data
E:\GDENG03\PersonalGDENG03\DirectXGame\Libs\ReactPhysics3D\include\reactphysics3d\utils\DefaultLogger.h(291,22): message : see reference to function template instantiation '_OutIt std::transform<std::_String_iterator<std::_String_val<std::_Simple_types<_Elem>>>,std::_String_iterator<std::_String_val<std::_Simple_types<_Elem>>>,int(__cdecl *)(int)>(const _InIt,const _InIt,_OutIt,_Fn)' being compiled
          with
          [
              _OutIt=std::_String_iterator<std::_String_val<std::_Simple_types<char>>>,
              _Elem=char,
              _InIt=std::_String_iterator<std::_String_val<std::_Simple_types<char>>>,
              _Fn=int (__cdecl *)(int)
          ]
  InspectorScreen.cpp
  Generating Code...
  DirectXGame.vcxproj -> E:\GDENG03\PersonalGDENG03\DirectXGame\x64\Release\DirectXGame.exe
