c:\school\dlsu term 13 (1)\gdeng03\week 12\group project\personalgdeng03\directxgame\directxgame\x64\release\vc143.pdb
c:\school\dlsu term 13 (1)\gdeng03\week 12\group project\personalgdeng03\directxgame\directxgame\x64\release\inspectorscreen.obj
c:\school\dlsu term 13 (1)\gdeng03\week 12\group project\personalgdeng03\directxgame\directxgame\x64\release\inputsystem.obj
c:\school\dlsu term 13 (1)\gdeng03\week 12\group project\personalgdeng03\directxgame\directxgame\x64\release\indexbuffer.obj
c:\school\dlsu term 13 (1)\gdeng03\week 12\group project\personalgdeng03\directxgame\directxgame\x64\release\imgui_widgets.obj
c:\school\dlsu term 13 (1)\gdeng03\week 12\group project\personalgdeng03\directxgame\directxgame\x64\release\imgui_tables.obj
c:\school\dlsu term 13 (1)\gdeng03\week 12\group project\personalgdeng03\directxgame\directxgame\x64\release\imgui_draw.obj
c:\school\dlsu term 13 (1)\gdeng03\week 12\group project\personalgdeng03\directxgame\directxgame\x64\release\imgui_demo.obj
c:\school\dlsu term 13 (1)\gdeng03\week 12\group project\personalgdeng03\directxgame\directxgame\x64\release\imgui.obj
c:\school\dlsu term 13 (1)\gdeng03\week 12\group project\personalgdeng03\directxgame\directxgame\x64\release\imgui_impl_win32.obj
c:\school\dlsu term 13 (1)\gdeng03\week 12\group project\personalgdeng03\directxgame\directxgame\x64\release\imgui_impl_dx11.obj
c:\school\dlsu term 13 (1)\gdeng03\week 12\group project\personalgdeng03\directxgame\directxgame\x64\release\graphicsengine.obj
c:\school\dlsu term 13 (1)\gdeng03\week 12\group project\personalgdeng03\directxgame\directxgame\x64\release\gameobject.obj
c:\school\dlsu term 13 (1)\gdeng03\week 12\group project\personalgdeng03\directxgame\directxgame\x64\release\enginetime.obj
c:\school\dlsu term 13 (1)\gdeng03\week 12\group project\personalgdeng03\directxgame\directxgame\x64\release\devicecontext.obj
c:\school\dlsu term 13 (1)\gdeng03\week 12\group project\personalgdeng03\directxgame\directxgame\x64\release\cube.obj
c:\school\dlsu term 13 (1)\gdeng03\week 12\group project\personalgdeng03\directxgame\directxgame\x64\release\constantbuffer.obj
c:\school\dlsu term 13 (1)\gdeng03\week 12\group project\personalgdeng03\directxgame\directxgame\x64\release\component.obj
c:\school\dlsu term 13 (1)\gdeng03\week 12\group project\personalgdeng03\directxgame\directxgame\x64\release\camera.obj
c:\school\dlsu term 13 (1)\gdeng03\week 12\group project\personalgdeng03\directxgame\directxgame\x64\release\basecomponentsystem.obj
c:\school\dlsu term 13 (1)\gdeng03\week 12\group project\personalgdeng03\directxgame\directxgame\x64\release\appwindow.obj
c:\school\dlsu term 13 (1)\gdeng03\week 12\group project\personalgdeng03\directxgame\directxgame\x64\release\window.obj
c:\school\dlsu term 13 (1)\gdeng03\week 12\group project\personalgdeng03\directxgame\directxgame\x64\release\vertexshader.obj
c:\school\dlsu term 13 (1)\gdeng03\week 12\group project\personalgdeng03\directxgame\directxgame\x64\release\vertexbuffer.obj
c:\school\dlsu term 13 (1)\gdeng03\week 12\group project\personalgdeng03\directxgame\directxgame\x64\release\uimanager.obj
c:\school\dlsu term 13 (1)\gdeng03\week 12\group project\personalgdeng03\directxgame\directxgame\x64\release\swapchain.obj
c:\school\dlsu term 13 (1)\gdeng03\week 12\group project\personalgdeng03\directxgame\directxgame\x64\release\statemanager.obj
c:\school\dlsu term 13 (1)\gdeng03\week 12\group project\personalgdeng03\directxgame\directxgame\x64\release\scenecamerahandler.obj
c:\school\dlsu term 13 (1)\gdeng03\week 12\group project\personalgdeng03\directxgame\directxgame\x64\release\plane.obj
c:\school\dlsu term 13 (1)\gdeng03\week 12\group project\personalgdeng03\directxgame\directxgame\x64\release\pixelshader.obj
c:\school\dlsu term 13 (1)\gdeng03\week 12\group project\personalgdeng03\directxgame\directxgame\x64\release\physicssystem.obj
c:\school\dlsu term 13 (1)\gdeng03\week 12\group project\personalgdeng03\directxgame\directxgame\x64\release\physicscomponent.obj
c:\school\dlsu term 13 (1)\gdeng03\week 12\group project\personalgdeng03\directxgame\directxgame\x64\release\menuscreen.obj
c:\school\dlsu term 13 (1)\gdeng03\week 12\group project\personalgdeng03\directxgame\directxgame\x64\release\main.obj
c:\school\dlsu term 13 (1)\gdeng03\week 12\group project\personalgdeng03\directxgame\directxgame\x64\release\heirarchyscreen.obj
c:\school\dlsu term 13 (1)\gdeng03\week 12\group project\personalgdeng03\directxgame\x64\release\directxgame.exe
c:\school\dlsu term 13 (1)\gdeng03\week 12\group project\personalgdeng03\directxgame\x64\release\directxgame.pdb
c:\school\dlsu term 13 (1)\gdeng03\week 12\group project\personalgdeng03\directxgame\directxgame\x64\release\vc143.idb
c:\school\dlsu term 13 (1)\gdeng03\week 12\group project\personalgdeng03\directxgame\directxgame\x64\release\directxgame.tlog\cl.command.1.tlog
c:\school\dlsu term 13 (1)\gdeng03\week 12\group project\personalgdeng03\directxgame\directxgame\x64\release\directxgame.tlog\cl.items.tlog
c:\school\dlsu term 13 (1)\gdeng03\week 12\group project\personalgdeng03\directxgame\directxgame\x64\release\directxgame.tlog\cl.read.1.tlog
c:\school\dlsu term 13 (1)\gdeng03\week 12\group project\personalgdeng03\directxgame\directxgame\x64\release\directxgame.tlog\cl.write.1.tlog
c:\school\dlsu term 13 (1)\gdeng03\week 12\group project\personalgdeng03\directxgame\directxgame\x64\release\directxgame.tlog\fxc.command.1.tlog
c:\school\dlsu term 13 (1)\gdeng03\week 12\group project\personalgdeng03\directxgame\directxgame\x64\release\directxgame.tlog\fxc.read.1.tlog
c:\school\dlsu term 13 (1)\gdeng03\week 12\group project\personalgdeng03\directxgame\directxgame\x64\release\directxgame.tlog\link.command.1.tlog
c:\school\dlsu term 13 (1)\gdeng03\week 12\group project\personalgdeng03\directxgame\directxgame\x64\release\directxgame.tlog\link.read.1.tlog
c:\school\dlsu term 13 (1)\gdeng03\week 12\group project\personalgdeng03\directxgame\directxgame\x64\release\directxgame.tlog\link.secondary.1.tlog
c:\school\dlsu term 13 (1)\gdeng03\week 12\group project\personalgdeng03\directxgame\directxgame\x64\release\directxgame.tlog\link.write.1.tlog
